TN:
SF:src/server.ts
FN:28,(anonymous_7)
FN:36,(anonymous_8)
FN:37,(anonymous_9)
FN:40,(anonymous_10)
FNF:4
FNH:2
FNDA:1,(anonymous_7)
FNDA:0,(anonymous_8)
FNDA:0,(anonymous_9)
FNDA:1,(anonymous_10)
DA:1,1
DA:2,1
DA:3,1
DA:4,1
DA:5,1
DA:6,1
DA:7,1
DA:8,1
DA:9,1
DA:12,1
DA:14,1
DA:15,1
DA:18,1
DA:19,1
DA:20,1
DA:23,1
DA:24,1
DA:25,1
DA:28,1
DA:29,1
DA:33,1
DA:36,1
DA:37,0
DA:38,0
DA:41,1
LF:25
LH:23
BRF:0
BRH:0
end_of_record
TN:
SF:src/controllers/postController.ts
FN:7,(anonymous_8)
FN:7,(anonymous_9)
FN:20,(anonymous_10)
FN:20,(anonymous_11)
FN:34,(anonymous_12)
FN:34,(anonymous_13)
FN:57,(anonymous_14)
FN:57,(anonymous_15)
FN:68,(anonymous_16)
FN:68,(anonymous_17)
FN:83,(anonymous_18)
FN:83,(anonymous_19)
FN:97,(anonymous_20)
FN:97,(anonymous_21)
FN:111,(anonymous_22)
FN:111,(anonymous_23)
FN:125,(anonymous_24)
FN:125,(anonymous_25)
FNF:18
FNH:8
FNDA:1,(anonymous_8)
FNDA:1,(anonymous_9)
FNDA:1,(anonymous_10)
FNDA:1,(anonymous_11)
FNDA:0,(anonymous_12)
FNDA:0,(anonymous_13)
FNDA:1,(anonymous_14)
FNDA:1,(anonymous_15)
FNDA:1,(anonymous_16)
FNDA:1,(anonymous_17)
FNDA:0,(anonymous_18)
FNDA:0,(anonymous_19)
FNDA:0,(anonymous_20)
FNDA:0,(anonymous_21)
FNDA:0,(anonymous_22)
FNDA:0,(anonymous_23)
FNDA:0,(anonymous_24)
FNDA:0,(anonymous_25)
DA:2,1
DA:3,1
DA:5,1
DA:7,1
DA:8,1
DA:9,1
DA:13,1
DA:15,0
DA:16,0
DA:20,1
DA:21,1
DA:22,1
DA:23,1
DA:24,1
DA:26,0
DA:29,0
DA:30,0
DA:34,0
DA:35,0
DA:36,0
DA:37,0
DA:38,0
DA:39,0
DA:41,0
DA:45,0
DA:46,0
DA:47,0
DA:49,0
DA:52,0
DA:53,0
DA:57,1
DA:58,1
DA:59,1
DA:60,1
DA:61,1
DA:63,0
DA:64,0
DA:68,1
DA:69,1
DA:70,1
DA:71,1
DA:72,1
DA:73,1
DA:75,0
DA:78,0
DA:79,0
DA:83,0
DA:84,0
DA:85,0
DA:86,0
DA:87,0
DA:89,0
DA:92,0
DA:93,0
DA:97,0
DA:98,0
DA:99,0
DA:100,0
DA:101,0
DA:103,0
DA:106,0
DA:107,0
DA:111,0
DA:112,0
DA:113,0
DA:114,0
DA:115,0
DA:117,0
DA:120,0
DA:121,0
DA:125,0
DA:126,0
DA:127,0
DA:128,0
DA:129,0
DA:131,0
DA:134,0
DA:135,0
LF:78
LH:23
BRDA:23,0,0,1
BRDA:23,0,1,0
BRDA:36,1,0,0
BRDA:36,1,1,0
BRDA:37,2,0,0
BRDA:37,2,1,0
BRDA:38,3,0,0
BRDA:38,3,1,0
BRDA:39,4,0,0
BRDA:39,4,1,0
BRDA:46,5,0,0
BRDA:46,5,1,0
BRDA:46,6,0,0
BRDA:46,6,1,0
BRDA:72,7,0,1
BRDA:72,7,1,0
BRDA:86,8,0,0
BRDA:86,8,1,0
BRDA:100,9,0,0
BRDA:100,9,1,0
BRDA:114,10,0,0
BRDA:114,10,1,0
BRDA:128,11,0,0
BRDA:128,11,1,0
BRF:24
BRH:2
end_of_record
TN:
SF:src/controllers/tagController.ts
FN:6,(anonymous_8)
FN:6,(anonymous_9)
FN:19,(anonymous_10)
FN:19,(anonymous_11)
FN:30,(anonymous_12)
FN:30,(anonymous_13)
FNF:6
FNH:0
FNDA:0,(anonymous_8)
FNDA:0,(anonymous_9)
FNDA:0,(anonymous_10)
FNDA:0,(anonymous_11)
FNDA:0,(anonymous_12)
FNDA:0,(anonymous_13)
DA:2,1
DA:4,1
DA:6,0
DA:7,0
DA:8,0
DA:12,0
DA:14,0
DA:15,0
DA:19,0
DA:20,0
DA:21,0
DA:22,0
DA:23,0
DA:25,0
DA:26,0
DA:30,0
DA:31,0
DA:32,0
DA:33,0
DA:34,0
DA:36,0
DA:39,0
DA:40,0
LF:23
LH:2
BRDA:33,0,0,0
BRDA:33,0,1,0
BRF:2
BRH:0
end_of_record
TN:
SF:src/controllers/userController.ts
FN:6,(anonymous_8)
FN:6,(anonymous_9)
FN:14,(anonymous_10)
FN:14,(anonymous_11)
FN:37,(anonymous_12)
FN:37,(anonymous_13)
FN:61,(anonymous_14)
FN:61,(anonymous_15)
FN:65,(anonymous_16)
FN:65,(anonymous_17)
FNF:10
FNH:4
FNDA:2,(anonymous_8)
FNDA:2,(anonymous_9)
FNDA:0,(anonymous_10)
FNDA:0,(anonymous_11)
FNDA:2,(anonymous_12)
FNDA:2,(anonymous_13)
FNDA:0,(anonymous_14)
FNDA:0,(anonymous_15)
FNDA:0,(anonymous_16)
FNDA:0,(anonymous_17)
DA:2,1
DA:3,1
DA:5,1
DA:6,2
DA:7,2
DA:8,2
DA:10,0
DA:14,0
DA:15,0
DA:16,0
DA:17,0
DA:18,0
DA:19,0
DA:20,0
DA:22,0
DA:23,0
DA:24,0
DA:25,0
DA:27,0
DA:28,0
DA:32,0
DA:33,0
DA:37,2
DA:38,2
DA:39,2
DA:40,2
DA:41,2
DA:42,0
DA:43,0
DA:45,2
DA:46,2
DA:47,1
DA:48,1
DA:50,1
DA:51,1
DA:52,1
DA:56,0
DA:57,0
DA:61,0
DA:62,0
DA:63,0
DA:64,0
DA:65,0
DA:66,0
DA:67,0
DA:68,0
DA:70,0
DA:71,0
DA:72,0
DA:76,0
DA:77,0
LF:51
LH:18
BRDA:18,0,0,0
BRDA:18,0,1,0
BRDA:23,1,0,0
BRDA:23,1,1,0
BRDA:41,2,0,0
BRDA:41,2,1,2
BRDA:46,3,0,1
BRDA:46,3,1,1
BRDA:64,4,0,0
BRDA:64,4,1,0
BRDA:66,5,0,0
BRDA:66,5,1,0
BRF:12
BRH:3
end_of_record
TN:
SF:src/routes/postRoutes.ts
FNF:0
FNH:0
DA:1,1
DA:2,1
DA:3,1
DA:5,1
DA:7,1
DA:9,1
DA:11,1
DA:13,1
DA:15,1
DA:17,1
DA:20,1
DA:23,1
DA:25,1
LF:13
LH:13
BRF:0
BRH:0
end_of_record
TN:
SF:src/routes/tagRoutes.ts
FNF:0
FNH:0
DA:1,1
DA:2,1
DA:3,1
DA:5,1
DA:7,1
DA:9,1
DA:11,1
DA:13,1
LF:8
LH:8
BRF:0
BRH:0
end_of_record
TN:
SF:src/routes/userRoutes.ts
FNF:0
FNH:0
DA:1,1
DA:2,1
DA:3,1
DA:5,1
DA:7,1
DA:9,1
DA:11,1
DA:13,1
LF:8
LH:8
BRF:0
BRH:0
end_of_record
TN:
SF:src/services/postService.ts
FN:29,(anonymous_9)
FN:29,(anonymous_10)
FN:33,(anonymous_11)
FN:33,(anonymous_12)
FN:37,(anonymous_13)
FN:37,(anonymous_14)
FN:41,(anonymous_15)
FN:41,(anonymous_16)
FN:66,(anonymous_17)
FN:66,(anonymous_18)
FN:70,(anonymous_19)
FN:70,(anonymous_20)
FN:86,(anonymous_21)
FN:86,(anonymous_22)
FN:92,(anonymous_23)
FN:92,(anonymous_24)
FN:101,(anonymous_25)
FN:101,(anonymous_26)
FNF:18
FNH:10
FNDA:1,(anonymous_9)
FNDA:1,(anonymous_10)
FNDA:1,(anonymous_11)
FNDA:1,(anonymous_12)
FNDA:1,(anonymous_13)
FNDA:1,(anonymous_14)
FNDA:0,(anonymous_15)
FNDA:0,(anonymous_16)
FNDA:1,(anonymous_17)
FNDA:1,(anonymous_18)
FNDA:1,(anonymous_19)
FNDA:1,(anonymous_20)
FNDA:0,(anonymous_21)
FNDA:0,(anonymous_22)
FNDA:0,(anonymous_23)
FNDA:0,(anonymous_24)
FNDA:0,(anonymous_25)
FNDA:0,(anonymous_26)
DA:1,1
DA:2,1
DA:3,1
DA:13,1
DA:15,1
DA:18,1
DA:21,1
DA:24,1
DA:27,1
DA:29,1
DA:30,1
DA:33,1
DA:34,1
DA:37,1
DA:38,1
DA:41,1
DA:42,0
DA:43,0
DA:47,0
DA:48,0
DA:56,0
DA:57,0
DA:59,0
DA:60,0
DA:61,0
DA:63,0
DA:66,1
DA:67,1
DA:70,1
DA:71,1
DA:80,1
DA:81,1
DA:83,0
DA:86,1
DA:87,0
DA:88,0
DA:92,1
DA:93,0
DA:94,0
DA:95,0
DA:96,0
DA:98,0
DA:101,1
DA:102,0
DA:103,0
DA:104,0
DA:105,0
DA:107,0
LF:48
LH:25
BRDA:47,0,0,0
BRDA:56,1,0,0
BRDA:59,2,0,0
BRDA:59,3,0,0
BRDA:59,3,1,0
BRDA:80,4,0,1
BRDA:94,5,0,0
BRDA:94,6,0,0
BRDA:94,6,1,0
BRDA:103,7,0,0
BRDA:103,8,0,0
BRDA:103,8,1,0
BRF:12
BRH:1
end_of_record
TN:
SF:src/services/postTagService.ts
FNF:0
FNH:0
DA:1,1
DA:15,1
DA:21,1
DA:24,1
DA:27,1
LF:5
LH:5
BRF:0
BRH:0
end_of_record
TN:
SF:src/services/tagService.ts
FN:24,(anonymous_9)
FN:24,(anonymous_10)
FN:28,(anonymous_11)
FN:28,(anonymous_12)
FN:32,(anonymous_13)
FN:32,(anonymous_14)
FN:44,(anonymous_15)
FN:44,(anonymous_16)
FN:53,(anonymous_17)
FN:53,(anonymous_18)
FNF:10
FNH:0
FNDA:0,(anonymous_9)
FNDA:0,(anonymous_10)
FNDA:0,(anonymous_11)
FNDA:0,(anonymous_12)
FNDA:0,(anonymous_13)
FNDA:0,(anonymous_14)
FNDA:0,(anonymous_15)
FNDA:0,(anonymous_16)
FNDA:0,(anonymous_17)
FNDA:0,(anonymous_18)
DA:1,1
DA:2,1
DA:10,1
DA:13,1
DA:16,1
DA:19,1
DA:22,1
DA:24,1
DA:25,0
DA:28,1
DA:29,0
DA:32,1
DA:33,0
DA:44,1
DA:46,0
DA:47,0
DA:48,0
DA:50,0
DA:53,1
DA:54,0
DA:55,0
LF:21
LH:12
BRDA:47,0,0,0
BRF:1
BRH:0
end_of_record
TN:
SF:src/services/userService.ts
FN:16,(anonymous_9)
FN:74,(anonymous_10)
FN:74,(anonymous_11)
FN:82,(anonymous_12)
FN:95,(anonymous_13)
FN:37,(anonymous_14)
FN:43,(anonymous_16)
FN:50,(anonymous_18)
FN:50,(anonymous_19)
FN:64,(anonymous_20)
FN:64,(anonymous_21)
FNF:11
FNH:8
FNDA:6,(anonymous_9)
FNDA:2,(anonymous_10)
FNDA:2,(anonymous_11)
FNDA:1,(anonymous_12)
FNDA:1,(anonymous_13)
FNDA:1,(anonymous_14)
FNDA:0,(anonymous_16)
FNDA:2,(anonymous_18)
FNDA:2,(anonymous_19)
FNDA:0,(anonymous_20)
FNDA:0,(anonymous_21)
DA:1,1
DA:2,1
DA:3,1
DA:13,1
DA:16,1
DA:22,1
DA:25,1
DA:28,1
DA:31,1
DA:34,1
DA:37,1
DA:38,1
DA:39,1
DA:43,1
DA:44,0
DA:45,0
DA:46,0
DA:50,2
DA:51,2
DA:52,2
DA:53,1
DA:56,1
DA:57,1
DA:64,1
DA:65,0
DA:66,0
DA:67,0
DA:68,0
DA:70,0
DA:74,6
DA:75,2
DA:76,2
DA:77,2
DA:79,0
DA:82,6
DA:83,1
DA:87,1
DA:88,1
DA:92,1
DA:95,6
DA:96,1
DA:100,1
DA:101,1
DA:105,1
LF:44
LH:35
BRDA:76,0,0,2
BRDA:87,1,0,1
BRDA:87,1,1,0
BRDA:100,2,0,1
BRDA:100,2,1,0
BRDA:44,3,0,0
BRDA:52,4,0,1
BRDA:52,4,1,1
BRDA:56,5,0,1
BRDA:56,5,1,0
BRDA:66,6,0,0
BRDA:66,6,1,0
BRF:12
BRH:6
end_of_record
TN:
SF:src/utils/authmiddleware.ts
FN:3,(anonymous_0)
FNF:1
FNH:1
FNDA:2,(anonymous_0)
DA:1,1
DA:3,2
DA:5,1
LF:3
LH:3
BRDA:3,0,0,2
BRDA:3,0,1,0
BRF:2
BRH:1
end_of_record
TN:
SF:src/utils/database.ts
FNF:0
FNH:0
DA:1,1
DA:2,1
DA:3,1
DA:4,1
DA:7,1
DA:11,1
DA:14,1
DA:25,1
DA:26,1
DA:28,1
LF:10
LH:10
BRDA:16,0,0,1
BRDA:16,0,1,0
BRDA:17,1,0,1
BRDA:17,1,1,0
BRDA:18,2,0,1
BRDA:18,2,1,0
BRDA:19,3,0,1
BRDA:19,3,1,0
BRDA:20,4,0,1
BRDA:20,4,1,0
BRF:10
BRH:5
end_of_record
